<?xml version="1.0" encoding="UTF-8" standalone="yes"?>
<testsuites name="Get Test Coverage" time="16" tests="1" failures="0" errors="0">
    <testsuite name="Get Test Coverage" tests="1" failures="0" errors="0" time="16" timestamp="2019-10-07 13:40:22" hostname="minhhoang - 192.168.63.21" id="Test Suites/Get Test Coverage">
        <properties>
            <property name="deviceName" value=""/>
            <property name="devicePlatform" value=""/>
            <property name="logFolder" value="/Users/minhhoang/Desktop/techcon2019/test-impact-demo/Reports/Get Test Coverage/20191007_134018"/>
            <property name="logFiles" value="/Users/minhhoang/Desktop/techcon2019/test-impact-demo/Reports/Get Test Coverage/20191007_134018/execution0.log"/>
            <property name="attachments" value=""/>
            <property name="hostName" value="minhhoang - 192.168.63.21"/>
            <property name="os" value="Mac OS X 64bit"/>
            <property name="katalonVersion" value="6.2.2.4"/>
            <property name="browser" value="Chrome 77.0.3865.90"/>
            <property name="hostAddress" value="192.168.63.21"/>
            <property name="sessionId" value="2a7994a5132b85458567bfd80d8a8fbe"/>
            <property name="seleniumVersion" value="3.141.59"/>
            <property name="proxyInformation" value="ProxyInformation{proxyOption=NO_PROXY, proxyServerType=HTTP, password=, proxyServerAddress=, proxyServerPort=0}"/>
            <property name="platform" value="Mac OS X"/>
        </properties>
        <testcase name="Test Cases/TIL/TC-01" classname="Test Cases/TIL/TC-01" status="PASSED">
            <system-out>2019-10-07 13:40:22 - [TEST_CASE][PASSED] - Test Cases/TIL/TC-01: Test Cases/TIL/TC-01

2019-10-07 13:40:22 - [TEST_STEP][PASSED] - Start listener action : sampleBeforeTestCase: null

2019-10-07 13:40:22 - [TEST_STEP][PASSED] - if (isCoverageTestSuite()): null

2019-10-07 13:40:22 - [TEST_STEP][PASSED] - return testSuiteName.toString().equalsIgnoreCase(COVERAGE_SUITE_NAME): null

2019-10-07 13:40:22 - [TEST_STEP][PASSED] - applicationProcess = join(" ").execute(): null

2019-10-07 13:40:22 - [TEST_STEP][PASSED] - delayForApplicationStart(3000): null

2019-10-07 13:40:22 - [TEST_STEP][PASSED] - Thread.sleep(time): null

2019-10-07 13:40:25 - [TEST_STEP][PASSED] - applicationProcess.consumeProcessOutputStream(outStream): null

2019-10-07 13:40:25 - [TEST_STEP][PASSED] - Start setup action : setUp: Method 'setUp' complete successfully

2019-10-07 13:40:26 - [TEST_STEP][PASSED] - openBrowser("http://www.google.com"): Browser is opened with url: 'http://www.google.com'

2019-10-07 13:40:26 - [MESSAGE][INFO] - Starting 'Chrome' driver

2019-10-07 13:40:26 - [MESSAGE][INFO] - Action delay is set to 0 seconds

2019-10-07 13:40:31 - [MESSAGE][PASSED] - Browser is opened with url: 'http://www.google.com'

2019-10-07 13:40:31 - [MESSAGE][PASSED] - Method 'setUp' complete successfully

2019-10-07 13:40:31 - [TEST_STEP][PASSED] - navigateToUrl("http://localhost:5000"): Navigate to 'http://localhost:5000' successfully

2019-10-07 13:40:33 - [MESSAGE][PASSED] - Navigate to 'http://localhost:5000' successfully

2019-10-07 13:40:33 - [TEST_STEP][PASSED] - navigateToUrl("http://localhost:5000/calculate"): Navigate to 'http://localhost:5000/calculate' successfully

2019-10-07 13:40:34 - [MESSAGE][PASSED] - Navigate to 'http://localhost:5000/calculate' successfully

2019-10-07 13:40:34 - [TEST_STEP][PASSED] - navigateToUrl("http://localhost:5000/info"): Navigate to 'http://localhost:5000/info' successfully

2019-10-07 13:40:35 - [MESSAGE][PASSED] - Navigate to 'http://localhost:5000/info' successfully

2019-10-07 13:40:35 - [TEST_STEP][PASSED] - Start tear down : tearDown: Method 'tearDown' complete successfully

2019-10-07 13:40:35 - [TEST_STEP][PASSED] - closeBrowser(): Browser is closed

2019-10-07 13:40:35 - [MESSAGE][PASSED] - Browser is closed

2019-10-07 13:40:35 - [MESSAGE][PASSED] - Method 'tearDown' complete successfully

2019-10-07 13:40:35 - [TEST_STEP][ERROR] - Start listener action : sampleAfterTestCase: org.codehaus.groovy.runtime.InvokerInvocationException: groovy.lang.MissingMethodException: No signature of method: static java.lang.Thread.sleep() is applicable for argument types: (null) values: [null]
Possible solutions: sleep(long), sleep(long), sleep(long, int), sleep(long, groovy.lang.Closure), stop(), grep()

2019-10-07 13:40:35 - [TEST_STEP][PASSED] - if (isCoverageTestSuite()): null

2019-10-07 13:40:35 - [TEST_STEP][PASSED] - return testSuiteName.toString().equalsIgnoreCase(COVERAGE_SUITE_NAME): null

2019-10-07 13:40:35 - [TEST_STEP][PASSED] - testCaseId = testCaseContext.getTestCaseId(): null

2019-10-07 13:40:35 - [TEST_STEP][PASSED] - testCaseId = replaceAll("/", "_").replaceAll("\W", "_"): null

2019-10-07 13:40:35 - [TEST_STEP][PASSED] - println(outStream.toString()): null

2019-10-07 13:40:35 - [TEST_STEP][PASSED] - join(" ").execute(): null

2019-10-07 13:40:35 - [TEST_STEP][PASSED] - generateCoverageCommand.add("./xmlcov/" + testCaseId + ".xml"): null

2019-10-07 13:40:35 - [TEST_STEP][PASSED] - delayForApplicationStart(3000): null

2019-10-07 13:40:35 - [TEST_STEP][PASSED] - Thread.sleep(time): null

2019-10-07 13:40:38 - [TEST_STEP][PASSED] - p = join(" ").execute(): null

2019-10-07 13:40:38 - [TEST_STEP][PASSED] - w = new java.io.StringWriter(): null

2019-10-07 13:40:38 - [TEST_STEP][PASSED] - p.consumeProcessOutputStream(w): null

2019-10-07 13:40:38 - [TEST_STEP][PASSED] - println(w.toString()): null

2019-10-07 13:40:38 - [TEST_STEP][PASSED] - delayForApplicationStart(): null

2019-10-07 13:40:38 - [TEST_STEP][ERROR] - Thread.sleep(time): org.codehaus.groovy.runtime.InvokerInvocationException: groovy.lang.MissingMethodException: No signature of method: static java.lang.Thread.sleep() is applicable for argument types: (null) values: [null]
Possible solutions: sleep(long), sleep(long), sleep(long, int), sleep(long, groovy.lang.Closure), stop(), grep()

2019-10-07 13:40:38 - [MESSAGE][ERROR] - org.codehaus.groovy.runtime.InvokerInvocationException: groovy.lang.MissingMethodException: No signature of method: static java.lang.Thread.sleep() is applicable for argument types: (null) values: [null]
Possible solutions: sleep(long), sleep(long), sleep(long, int), sleep(long, groovy.lang.Closure), stop(), grep()</system-out>
            <system-err></system-err>
        </testcase>
        <system-out>2019-10-07 13:40:22 - [TEST_SUITE][INCOMPLETE] - Get Test Coverage: null</system-out>
        <system-err>2019-10-07 13:40:22 - [TEST_SUITE][INCOMPLETE] - Get Test Coverage: null</system-err>
    </testsuite>
</testsuites>
